<?xml version="1.0" encoding="UTF-8"?>
<!-- Generated by org.testng.reporters.JUnitXMLReporter -->
<testsuite ignored="0" hostname="Praveenkumar" failures="0" tests="4" name="Test-Runner 1" time="107.56" errors="0" timestamp="2022-11-09T12:04:15 IST">
  <testcase classname="pomTests.CreateContactUsingBaseClass" name="createContactBaseClass" time="25.824"/>
  <testcase classname="pomTests.CreateContactUsingBaseClass" name="createContactWithLeadSource" time="0.002"/>
  <testcase classname="pomTests.CreateContactUsingBaseClass" name="createContactWithLeadSourceAndOrg" time="0.005"/>
  <testcase classname="pomTests.CreateContactUsingBaseClass" name="demoTest" time="0.002"/>
</testsuite> <!-- Test-Runner 1 -->
