<?xml version="1.0" encoding="UTF-8"?>
<!-- Generated by org.testng.reporters.JUnitXMLReporter -->
<testsuite ignored="0" hostname="Praveenkumar" failures="0" tests="4" name="Test-Runner1" time="228.84" errors="0" timestamp="2022-11-09T11:07:20 IST">
  <testcase classname="pomTests.CreateContactUsingBaseClass" name="createContactBaseClass" time="80.226"/>
  <testcase classname="pomTests.CreateContactUsingBaseClass" name="createContactWithLeadSource" time="0.006"/>
  <testcase classname="pomTests.CreateContactUsingBaseClass" name="createContactWithLeadSourceAndOrg" time="0.009"/>
  <testcase classname="pomTests.CreateContactUsingBaseClass" name="demoTest" time="0.007"/>
</testsuite> <!-- Test-Runner1 -->
