<?xml version="1.0" encoding="UTF-8"?>
<!-- Generated by org.testng.reporters.JUnitReportReporter -->
<testsuite hostname="Praveenkumar" failures="0" tests="4" name="vTigerPractice.DataProviderTestPractice" time="0.032" errors="0" timestamp="2022-11-03T21:04:23 IST" skipped="0">
  <testcase classname="vTigerPractice.DataProviderTestPractice" name="createOrganization" time="0.003"/>
  <system-out/>
  <testcase classname="vTigerPractice.DataProviderTestPractice" name="createOrganization" time="0.022"/>
  <system-out/>
  <testcase classname="vTigerPractice.DataProviderTestPractice" name="createOrganization" time="0.003"/>
  <system-out/>
  <testcase classname="vTigerPractice.DataProviderTestPractice" name="createOrganization" time="0.004"/>
  <system-out/>
</testsuite> <!-- vTigerPractice.DataProviderTestPractice -->
