<?xml version="1.0" encoding="UTF-8"?>
<!-- Generated by org.testng.reporters.JUnitReportReporter -->
<testsuite hostname="Praveenkumar" failures="0" tests="4" name="vTigerPractice.DataProviderPractice" time="0.042" errors="0" timestamp="2022-11-03T20:07:47 IST" skipped="1">
  <testcase classname="vTigerPractice.DataProviderPractice" name="addToCartTest" time="0.003"/>
  <system-out/>
  <testcase classname="vTigerPractice.DataProviderPractice" name="addToCartTest" time="0.034"/>
  <system-out/>
  <testcase classname="vTigerPractice.DataProviderPractice" name="addToCartTest" time="0.005"/>
  <system-out/>
  <testcase classname="vTigerPractice.DataProviderPractice" name="addToCartTest">
    <skipped/>
  </testcase> <!-- addToCartTest -->
  <system-out/>
</testsuite> <!-- vTigerPractice.DataProviderPractice -->
