<?xml version="1.0" encoding="UTF-8"?>
<!-- Generated by org.testng.reporters.JUnitReportReporter -->
<testsuite hostname="Praveenkumar" failures="0" tests="1" name="vTigerPractice.ReadDataFromCmdLine" time="0.020" errors="0" timestamp="2022-11-17T11:49:36 IST" skipped="0">
  <testcase classname="vTigerPractice.ReadDataFromCmdLine" name="readData" time="0.020"/>
  <system-out/>
</testsuite> <!-- vTigerPractice.ReadDataFromCmdLine -->
