<?xml version="1.0" encoding="UTF-8"?>
<!-- Generated by org.testng.reporters.JUnitReportReporter -->
<testsuite hostname="Praveenkumar" failures="0" tests="1" name="vTiger.ContactsTests.CreateContactWithOrgUsingBaseClass" time="94.861" errors="0" timestamp="2022-11-06T19:04:17 IST" skipped="0">
  <testcase classname="vTiger.ContactsTests.CreateContactWithOrgUsingBaseClass" name="createContactWithOrgUsingBaseClassTest" time="94.861"/>
  <system-out/>
</testsuite> <!-- vTiger.ContactsTests.CreateContactWithOrgUsingBaseClass -->
