<?xml version="1.0" encoding="UTF-8"?>
<!-- Generated by org.testng.reporters.JUnitReportReporter -->
<testsuite hostname="Praveenkumar" failures="0" tests="7" name="vTigerPractice.CreateMultipleOrgWithIndustryTest" time="411.277" errors="0" timestamp="2022-11-05T00:02:49 IST" skipped="0">
  <testcase classname="vTigerPractice.CreateMultipleOrgWithIndustryTest" name="createMultipleOrgTest" time="29.583"/>
  <system-out/>
  <testcase classname="vTigerPractice.CreateMultipleOrgWithIndustryTest" name="createMultipleOrgTest" time="33.400"/>
  <system-out/>
  <testcase classname="vTigerPractice.CreateMultipleOrgWithIndustryTest" name="createMultipleOrgTest" time="72.337"/>
  <system-out/>
  <testcase classname="vTigerPractice.CreateMultipleOrgWithIndustryTest" name="createMultipleOrgTest" time="37.364"/>
  <system-out/>
  <testcase classname="vTigerPractice.CreateMultipleOrgWithIndustryTest" name="createMultipleOrgTest" time="44.101"/>
  <system-out/>
  <testcase classname="vTigerPractice.CreateMultipleOrgWithIndustryTest" name="createMultipleOrgTest" time="144.189"/>
  <system-out/>
  <testcase classname="vTigerPractice.CreateMultipleOrgWithIndustryTest" name="createMultipleOrgTest" time="50.303"/>
  <system-out/>
</testsuite> <!-- vTigerPractice.CreateMultipleOrgWithIndustryTest -->
